<?xml version="1.0" encoding="utf-8"?><testsuites name="pytest tests"><testsuite name="pytest" errors="0" failures="0" skipped="0" tests="18" time="14.465" timestamp="2026-06-27T12:27:52.245124+00:00" hostname="agent-env-e74fe8d2-eacc-46b0-b80c-4b903ac9c0df"><testcase classname="tests.backend_test.TestAuth" name="test_login_success" time="0.454" /><testcase classname="tests.backend_test.TestAuth" name="test_login_invalid" time="0.459" /><testcase classname="tests.backend_test.TestAuth" name="test_register_and_me" time="0.372" /><testcase classname="tests.backend_test.TestTasks" name="test_create_task" time="1.188" /><testcase classname="tests.backend_test.TestTasks" name="test_list_project_tasks" time="0.050" /><testcase classname="tests.backend_test.TestTasks" name="test_update_task_to_done_sets_completed" time="0.093" /><testcase classname="tests.backend_test.TestAuth" name="test_register_duplicate" time="0.045" /><testcase classname="tests.backend_test.TestAuth" name="test_me_unauthenticated" time="0.100" /><testcase classname="tests.backend_test.TestTasks" name="test_timer_start_stop" time="2.145" /><testcase classname="tests.backend_test.TestProjects" name="test_create_and_get" time="0.410" /><testcase classname="tests.backend_test.TestProjects" name="test_list_projects" time="0.044" /><testcase classname="tests.backend_test.TestProjects" name="test_update_project" time="0.147" /><testcase classname="tests.backend_test.TestProjects" name="test_delete_project_cascades_tasks" time="0.186" /><testcase classname="tests.backend_test.TestDashboard" name="test_stats_shape" time="0.046" /><testcase classname="tests.backend_test.TestAI" name="test_ai_generate" time="11.587" /><testcase classname="tests.backend_test.TestTasks" name="test_subtask_create_and_cascade" time="0.244" /><testcase classname="tests.backend_test.TestCalendar" name="test_calendar_returns_list" time="0.046" /><testcase classname="tests.backend_test.TestCalendar" name="test_calendar_includes_due_task" time="0.194" /></testsuite></testsuites>